Using pre-set license
Built from '2020.3/staging' branch; Version is '2020.3.11f1 (99c7afb366b3) revision 10078127'; Using compiler version '192528614'; Build Type 'Release'
OS: 'Windows 10 Enterprise LTSC 2019; OS build 17763.2061; Version 1809; 64bit' Language: 'en' Physical Memory: 8028 MB
BatchMode: 1, IsHumanControllingUs: 0, StartBugReporterOnCrash: 0, Is64bit: 1, IsPro: 0

 COMMAND LINE ARGUMENTS:
C:\Program Files\Unity\Hub\Editor\2020.3.11f1\Editor\Unity.exe
-adb2
-batchMode
-noUpm
-name
AssetImportWorker0
-projectPath
D:/Unity Projects/mini-project-main/FPS
-logFile
Logs/AssetImportWorker0.log
-srvPort
53861
Successfully changed project path to: D:/Unity Projects/mini-project-main/FPS
D:/Unity Projects/mini-project-main/FPS
Using Asset Import Pipeline V2.
Refreshing native plugins compatible for Editor in 43.88 ms, found 5 plugins.
Preloading 0 native plugins for Editor in 0.00 ms.
Initialize engine version: 2020.3.11f1 (99c7afb366b3)
[Subsystems] Discovering subsystems at path C:/Program Files/Unity/Hub/Editor/2020.3.11f1/Editor/Data/Resources/UnitySubsystems
[Subsystems] Discovering subsystems at path D:/Unity Projects/mini-project-main/FPS/Assets
GfxDevice: creating device client; threaded=0
Direct3D:
    Version:  Direct3D 11.0 [level 11.1]
    Renderer: NVIDIA GeForce GTX 1650 (ID=0x1f91)
    Vendor:   
    VRAM:     3962 MB
    Driver:   30.0.14.7111
Initialize mono
Mono path[0] = 'C:/Program Files/Unity/Hub/Editor/2020.3.11f1/Editor/Data/Managed'
Mono path[1] = 'C:/Program Files/Unity/Hub/Editor/2020.3.11f1/Editor/Data/MonoBleedingEdge/lib/mono/unityjit'
Mono config path = 'C:/Program Files/Unity/Hub/Editor/2020.3.11f1/Editor/Data/MonoBleedingEdge/etc'
Using monoOptions --debugger-agent=transport=dt_socket,embedding=1,server=y,suspend=n,address=127.0.0.1:56228
Begin MonoManager ReloadAssembly
Registering precompiled unity dll's ...
Register platform support module: C:/Program Files/Unity/Hub/Editor/2020.3.11f1/Editor/Data/PlaybackEngines/WindowsStandaloneSupport/UnityEditor.WindowsStandalone.Extensions.dll
Registered in 0.001376 seconds.
Native extension for WindowsStandalone target not found
Refreshing native plugins compatible for Editor in 37.83 ms, found 5 plugins.
Preloading 0 native plugins for Editor in 0.00 ms.
Mono: successfully reloaded assembly
- Completed reload, in  1.615 seconds
Platform modules already initialized, skipping
Registering precompiled user dll's ...
Registered in 0.004889 seconds.
Begin MonoManager ReloadAssembly
Native extension for WindowsStandalone target not found
Refreshing native plugins compatible for Editor in 0.67 ms, found 5 plugins.
Preloading 0 native plugins for Editor in 0.00 ms.
Mono: successfully reloaded assembly
- Completed reload, in  0.991 seconds
Platform modules already initialized, skipping
========================================================================
Worker process is ready to serve import requests
Launched and connected shader compiler UnityShaderCompiler.exe after 0.04 seconds
Refreshing native plugins compatible for Editor in 0.64 ms, found 5 plugins.
Preloading 0 native plugins for Editor in 0.00 ms.
Unloading 1839 Unused Serialized files (Serialized files now loaded: 0)
System memory in use before: 81.4 MB.
System memory in use after: 81.5 MB.

Unloading 59 unused Assets to reduce memory usage. Loaded Objects now: 2234.
Total: 2.010800 ms (FindLiveObjects: 0.174000 ms CreateObjectMapping: 0.053000 ms MarkObjects: 1.716100 ms  DeleteObjects: 0.066800 ms)

========================================================================
Received Import Request.
  path: Assets/Audio/Jump.mp3
  artifactKey: Guid(0488199c9a60bf648bdd94348aaeabbc) Importer(815301076,1909f56bfc062723c751e8b465ee728b)
Start importing Assets/Audio/Jump.mp3 using Guid(0488199c9a60bf648bdd94348aaeabbc) Importer(815301076,1909f56bfc062723c751e8b465ee728b)  -> (artifact id: '36d72646bbdcd604de4f9b6bf7d525d4') in 0.094183 seconds
  Import took 0.127312 seconds .

========================================================================
Received Prepare
Registering precompiled user dll's ...
Registered in 0.414928 seconds.
Begin MonoManager ReloadAssembly
Native extension for WindowsStandalone target not found
Refreshing native plugins compatible for Editor in 0.69 ms, found 5 plugins.
Preloading 0 native plugins for Editor in 0.00 ms.
Mono: successfully reloaded assembly
- Completed reload, in  1.027 seconds
Platform modules already initialized, skipping
Refreshing native plugins compatible for Editor in 0.63 ms, found 5 plugins.
Preloading 0 native plugins for Editor in 0.00 ms.
Unloading 1819 Unused Serialized files (Serialized files now loaded: 0)
System memory in use before: 83.0 MB.
System memory in use after: 83.1 MB.

Unloading 53 unused Assets to reduce memory usage. Loaded Objects now: 2247.
Total: 1.750500 ms (FindLiveObjects: 0.172700 ms CreateObjectMapping: 0.051800 ms MarkObjects: 1.505000 ms  DeleteObjects: 0.020100 ms)

========================================================================
Received Import Request.
  Time since last request: 364.258554 seconds.
  path: Assets/Scripts/Game/PlayerMovement.cs
  artifactKey: Guid(f68d68e8b8b8b6f4498b1e314fe966cb) Importer(815301076,1909f56bfc062723c751e8b465ee728b)
Start importing Assets/Scripts/Game/PlayerMovement.cs using Guid(f68d68e8b8b8b6f4498b1e314fe966cb) Importer(815301076,1909f56bfc062723c751e8b465ee728b)  -> (artifact id: '3e544ad5ecbadacdfe23a858810eafe0') in 0.020323 seconds
  Import took 0.031615 seconds .

========================================================================
Received Prepare
Registering precompiled user dll's ...
Registered in 0.008992 seconds.
Begin MonoManager ReloadAssembly
Native extension for WindowsStandalone target not found
Refreshing native plugins compatible for Editor in 0.83 ms, found 5 plugins.
Preloading 0 native plugins for Editor in 0.00 ms.
Mono: successfully reloaded assembly
- Completed reload, in  1.229 seconds
Platform modules already initialized, skipping
Refreshing native plugins compatible for Editor in 0.74 ms, found 5 plugins.
Preloading 0 native plugins for Editor in 0.00 ms.
Unloading 1819 Unused Serialized files (Serialized files now loaded: 0)
System memory in use before: 83.0 MB.
System memory in use after: 83.1 MB.

Unloading 53 unused Assets to reduce memory usage. Loaded Objects now: 2251.
Total: 1.864300 ms (FindLiveObjects: 0.179700 ms CreateObjectMapping: 0.097800 ms MarkObjects: 1.553600 ms  DeleteObjects: 0.032300 ms)

========================================================================
Received Prepare
Registering precompiled user dll's ...
Registered in 0.004940 seconds.
Begin MonoManager ReloadAssembly
Native extension for WindowsStandalone target not found
Refreshing native plugins compatible for Editor in 1.47 ms, found 5 plugins.
Preloading 0 native plugins for Editor in 0.00 ms.
Mono: successfully reloaded assembly
- Completed reload, in  0.992 seconds
Platform modules already initialized, skipping
Refreshing native plugins compatible for Editor in 0.78 ms, found 5 plugins.
Preloading 0 native plugins for Editor in 0.00 ms.
Unloading 1819 Unused Serialized files (Serialized files now loaded: 0)
System memory in use before: 83.0 MB.
System memory in use after: 83.1 MB.

Unloading 53 unused Assets to reduce memory usage. Loaded Objects now: 2255.
Total: 1.960900 ms (FindLiveObjects: 0.176300 ms CreateObjectMapping: 0.054300 ms MarkObjects: 1.707700 ms  DeleteObjects: 0.021900 ms)

========================================================================
Received Prepare
Refreshing native plugins compatible for Editor in 9.69 ms, found 5 plugins.
Preloading 0 native plugins for Editor in 0.00 ms.
Unloading 51 Unused Serialized files (Serialized files now loaded: 0)
System memory in use before: 48.0 MB.
System memory in use after: 48.1 MB.

Unloading 51 unused Assets to reduce memory usage. Loaded Objects now: 2255.
Total: 2.150600 ms (FindLiveObjects: 0.184400 ms CreateObjectMapping: 0.059900 ms MarkObjects: 1.883200 ms  DeleteObjects: 0.022100 ms)

AssetImportWorkerClient::OnTransportError - code=2 error=End of file
